CUDA 11.8 loaded
/data/dust/user/bachjoer/beegfs.migration/mamba/lgatr/lib/python3.9/site-packages/numba/core/decorators.py:262: NumbaDeprecationWarning: numba.generated_jit is deprecated. Please see the documentation at: https://numba.readthedocs.io/en/stable/reference/deprecation.html#deprecation-of-generated-jit for more information and advice on a suitable replacement.
  warnings.warn(msg, NumbaDeprecationWarning)
/data/dust/user/bachjoer/beegfs.migration/mamba/lgatr/lib/python3.9/site-packages/hydra/_internal/defaults_list.py:251: UserWarning: In 'top_reco': Defaults list is missing `_self_`. See https://hydra.cc/docs/1.2/upgrades/1.0_to_1.1/default_composition_order for more information
  warnings.warn(msg, UserWarning)
INFO  [lorentz-gatr] Set experiment topreco_local_debug with id 1
[2025-04-28 19:58:59 I] Creating new experiment topreco_local_debug/GATr_6152
[2025-04-28 19:58:59 D] Saving source to ./runs/topreco_local_debug/GATr_6152/source.zip
[2025-04-28 19:58:59 I] Set experiment topreco_local_debug with id 1
[2025-04-28 19:58:59 I] Using device cuda
[2025-04-28 19:58:59 I] ### Starting experiment topreco_local_debug/GATr_6152 (id=1) ###
[2025-04-28 19:59:01 W] Using training.force_xformers=False, this will slow down the network by a factor of 5-10.
/data/dust/user/bachjoer/beegfs.migration/mamba/lgatr/lib/python3.9/site-packages/torch/nn/init.py:452: UserWarning: Initializing zero-element tensors is a no-op
  warnings.warn("Initializing zero-element tensors is a no-op")
[2025-04-28 19:59:01 I] Instantiated model GATr with 330698 learnable parameters
[2025-04-28 19:59:01 I] Not using EMA
[2025-04-28 19:59:01 I] Creating TopRecoDataset from data/train_TTTo2L2Nu_train.npz
[2025-04-28 19:59:52 I] Finished creating datasets after 51.27 s = 0.85 min
[2025-04-28 19:59:52 I] Constructed dataloaders with train_batches=5469, val_batches=2344, batch_size=128 (training), 128 (evaluation)
[2025-04-28 19:59:52 I] Starting to train for 500 iterations = 0.1 epochs on a dataset with 5469 batches using early stopping with patience 100 while validating every 500 iterations
/data/dust/user/bachjoer/beegfs.migration/mamba/lgatr/lib/python3.9/site-packages/numba/core/decorators.py:262: NumbaDeprecationWarning: numba.generated_jit is deprecated. Please see the documentation at: https://numba.readthedocs.io/en/stable/reference/deprecation.html#deprecation-of-generated-jit for more information and advice on a suitable replacement.
  warnings.warn(msg, NumbaDeprecationWarning)
[2025-04-28 19:59:57 I] Finished iteration 1 after 4.51s, training time estimate: 37.61min = 0.63h
[2025-04-28 20:01:17 I] ### Starting to evaluate model on val dataset ###
[2025-04-28 20:04:10 I] Evaluation time: 289.03s for 1M events using batchsize 128
[2025-04-28 20:04:11 I] Finished training for 499 iterations = 0.1 epochs after 4.30min = 0.07h
[2025-04-28 20:04:11 I] Loading model from ./runs/topreco_local_debug/GATr_6152/models/model_run0_it499.pt
[2025-04-28 20:04:11 I] ### Starting to evaluate model on val dataset ###
[2025-04-28 20:07:04 I] Evaluation time: 289.01s for 1M events using batchsize 128
[2025-04-28 20:07:04 I] Creating plots in ./runs/topreco_local_debug/GATr_6152/plots_0
[2025-04-28 20:07:10 I] GPU RAM information: max_used = 1.52 GB, max_total = 17.1 GB
[2025-04-28 20:07:10 I] Finished experiment topreco_local_debug/GATr_6152 after 8.18min = 0.14h
