starting lgatr
the data is <numpy.lib.npyio.NpzFile object at 0x14ed3a26ea60>
the kinematics are [[[ 0.92282575  0.48956774  1.25203956  1.46953259]
  [ 0.05652175  0.14385928  0.92298982 -0.76546471]
  [-0.43436205  0.04266812 -0.76735587 -0.32443251]
  ...
  [ 3.33004856 -0.32681491 -1.37408179 -3.36775794]
  [ 0.03850251  0.14373654  0.90440276 -0.85468816]
  [ 1.09614498  0.4836549   1.22940484  1.64616481]]

 [[ 0.20966896  2.24329191  0.80393732  0.2022318 ]
  [-0.46307634 -0.98401316 -0.10496822  0.14938634]
  [-0.24369094 -0.70975408  0.12613353  0.53419394]
  ...
  [-0.08994447  0.79189335 -0.42320768  0.74628925]
  [-0.59228432 -0.95968294 -0.09935356  0.16676057]
  [ 0.22894106  2.20217781  0.79000725  0.22751174]]

 [[-0.44435159 -0.92617409 -0.23471006  0.21441466]
  [-0.22074753  0.57969509 -0.12258513 -0.57827229]
  [-0.80422722  0.01928924 -0.32771067 -0.05881251]
  ...
  [-0.4603149   0.39832866  0.10556381 -0.53801309]
  [-0.56955268 -0.90309786 -0.22604082  0.23936593]
  [-0.29444856  0.57197318 -0.11851698 -0.64620706]]

 ...

 [[-0.47565652 -0.9676192  -0.33499663 -0.04314291]
  [ 0.41065457  0.44795566 -0.79106155  1.08649294]
  [ 0.          0.          0.          0.        ]
  ...
  [-0.69971477  0.14858188 -0.49616848 -0.31025807]
  [-0.60755654 -0.94364441 -0.32396629 -0.04820203]
  [ 0.47334105  0.44287806 -0.77400787  1.21737917]]

 [[ 0.90715995 -1.93634701 -1.45827045 -1.2033203 ]
  [-0.64536953  0.58943021 -0.32600367 -0.06292695]
  [-0.72964917 -0.13180719 -0.37993032 -0.12553714]
  ...
  [-0.82623498  0.57385046  0.19589591 -0.10462403]
  [ 1.07116872 -1.8913696  -1.42079432 -1.34356232]
  [-0.81079205  0.5815129  -0.317984   -0.06931462]]

 [[-0.20961008 -0.67030241 -1.41434609 -0.05538542]
  [ 0.0640448   0.71235169 -0.26635099  0.80579156]
  [-0.76874117 -0.27250505  0.25976678  0.08963441]
  ...
  [-0.58687076  0.90975096  0.48554296  0.08552177]
  [-0.28457885 -0.65277362 -1.3779041  -0.06187103]
  [ 0.05186101  0.70196706 -0.25949011  0.90315395]]]
the kinematics shape is (700000, 11, 4)
the targets are [[[ 0.93738164 -0.12282079 -0.15698685 -1.54270319]
  [-0.43412257  0.04749381  0.63432889  0.62297791]]

 [[-0.32716537  1.38581906  0.54704784  0.47694691]
  [-0.77693129 -0.77997904 -0.61328418  0.17704613]]

 [[ 1.77696853  0.10880277  0.88093389 -2.03878167]
  [-0.30063192 -0.01258009 -0.79375712  0.69238795]]

 ...

 [[-0.8872121  -0.20425819 -0.11702782 -0.13735022]
  [ 1.6506088   0.23634587  0.08337334  1.9895636 ]]

 [[-0.30983016 -1.08523003 -0.72092319 -0.56974867]
  [-0.11579879  1.27104833  0.98537048 -0.65869221]]

 [[-0.8240286   0.17669555 -0.57006228  0.19324937]
  [-0.24683734  0.39037891  0.52020109  0.74598153]]]
the target shape is (700000, 2, 4)
the data is <numpy.lib.npyio.NpzFile object at 0x14ecd1da5e20>
the kinematics are [[[ 0.07463644 -1.04800504 -1.59026186  0.39724938]
  [-0.10473914  1.52104483  0.14173508  0.38335666]
  [-0.17409084 -0.1380491   0.68097549 -0.60184165]
  ...
  [-0.28889963  0.86114192  0.99258761 -0.36749207]
  [-0.15726658  1.49106387  0.14154148  0.42799291]
  [-0.23771368 -0.13136425  0.66943401 -0.67259128]]

 [[ 0.05999536 -1.02048091 -1.72453845 -0.28886606]
  [-0.23908308  0.98948172  0.34133633 -0.44361121]
  [ 0.10191652 -0.26892157  0.86987492  0.81373051]
  ...
  [ 0.43786761  0.26869938  0.64237596 -1.20645327]
  [-0.32035876  0.97102537  0.33644342 -0.49533256]
  [ 0.0979133  -0.25960981  0.85466397  0.91204104]]

 [[ 0.07234501 -0.46583771 -1.96004415 -0.30883898]
  [-0.04484549  0.73886695 -0.73782267  0.65000481]
  [-0.76290382  0.44653231  0.08523104  0.02570406]
  ...
  [-0.17622124 -0.13987496  1.13250694 -0.5902752 ]
  [-0.86752867  0.1718444   0.37940664 -0.19248025]
  [ 0.06195412 -0.45257338 -1.92028231 -0.34459565]]

 ...

 [[ 2.9693812  -0.95404593 -7.42971471  1.23680504]
  [ 6.68643659 -1.52806858  2.93700572  6.14857891]
  [-0.14875134  1.18769635 -1.15708942 -0.1046433 ]
  ...
  [-0.40440681 -0.69995244  0.59679249 -0.44825288]
  [ 0.71623053 -0.28491067 -1.11738382 -1.36201459]
  [ 8.10473826 -1.49348286  2.88163958  6.88402429]]

 [[-0.38262205 -0.76348515 -0.79091662  0.21760808]
  [-0.48887139  0.09757701  0.50365014 -0.34894182]
  [ 0.          0.          0.          0.        ]
  ...
  [-0.86176782 -0.49163246  0.01849468  0.14819079]
  [-0.49461363 -0.74393611 -0.76915233  0.24293144]
  [-0.62048916  0.09953232  0.49555331 -0.38948792]]

 [[ 0.62252105 -1.10983315  0.484033   -1.22142111]
  [-0.39334491  0.37173222 -0.37359874 -0.43406957]
  [-0.68432128 -0.42695743  0.16975636  0.16201775]
  ...
  [ 0.17019271  0.85051631  0.67649632 -0.92195505]
  [ 0.72561996 -1.08277507  0.47578052 -1.36377222]
  [-0.85815767 -0.41447352  0.16814561  0.18249497]]]
the kinematics shape is (300000, 11, 4)
the targets are [[[-6.32933501e-01  1.10501392e+00  6.74022380e-01  1.34340171e-01]
  [-5.82414654e-01 -9.23895324e-01 -6.26286264e-01  4.01849693e-01]]

 [[ 3.71409680e-01  3.57019414e-01  1.34820409e+00 -1.08316291e+00]
  [-4.32772592e-01 -4.45922458e-01 -1.57798877e+00 -2.80686570e-01]]

 [[ 7.33393446e-01 -5.24938292e-01  1.55103434e+00 -1.31185633e+00]
  [-6.14161363e-01 -3.39889416e-01 -1.10552887e+00 -2.95566257e-01]]

 ...

 [[ 3.39877978e-01 -2.55815049e-01 -3.60977677e-01 -1.17039580e+00]
  [ 1.20011950e+01 -7.49071125e-01  4.44661796e+00  7.98661925e+00]]

 [[-5.81422724e-01  5.78518487e-02  1.42808971e+00 -1.24429524e-01]
  [ 2.06499220e-01 -1.62919439e-01 -1.36497863e+00  9.75013520e-01]]

 [[-8.23721573e-01  9.64744089e-02  1.65033379e-01 -2.73944083e-01]
  [ 2.58317010e-03 -2.33730467e-01  3.45054084e-01 -9.35989721e-01]]]
the target shape is (300000, 2, 4)
Data shape: torch.Size([1408, 4])
Labels shape: torch.Size([256, 4])
the four momenta: torch.Size([1408, 4])
the multivector version is torch.Size([1408, 16])
the multivectors after unsqueezing torch.Size([1408, 1, 16])
the spurions itself: torch.Size([3, 16])
the insert spurion is tensor([ True,  True,  True,  ..., False, False, False], device='cuda:0')
after embedding the mv shape is torch.Size([1792, 1, 16])
 the embedded data is {'mv': tensor([[[ 0.0000,  0.0000,  0.0000,  ...,  0.0000,  0.0000,  0.0000]],

        [[ 0.0000,  0.0000,  0.0000,  ...,  0.0000,  0.0000,  0.0000]],

        [[ 0.0000,  1.0000,  0.0000,  ...,  0.0000,  0.0000,  0.0000]],

        ...,

        [[ 0.0000, -0.8151, -0.2959,  ...,  0.0000,  0.0000,  0.0000]],

        [[ 0.0000, -0.8568,  0.1030,  ...,  0.0000,  0.0000,  0.0000]],

        [[ 0.0000, -0.5115, -0.6611,  ...,  0.0000,  0.0000,  0.0000]]],
       device='cuda:0'), 's': tensor([], device='cuda:0', size=(1792, 0)), 'batch': tensor([  0,   0,   0,  ..., 127, 127, 127], device='cuda:0')}
unaltered ypred is torch.Size([256, 1, 4])
the four momenta: torch.Size([1408, 4])
the multivector version is torch.Size([1408, 16])
the multivectors after unsqueezing torch.Size([1408, 1, 16])
the spurions itself: torch.Size([3, 16])
the insert spurion is tensor([ True,  True,  True,  ..., False, False, False], device='cuda:0')
after embedding the mv shape is torch.Size([1792, 1, 16])
 the embedded data is {'mv': tensor([[[ 0.0000,  0.0000,  0.0000,  ...,  0.0000,  0.0000,  0.0000]],

        [[ 0.0000,  0.0000,  0.0000,  ...,  0.0000,  0.0000,  0.0000]],

        [[ 0.0000,  1.0000,  0.0000,  ...,  0.0000,  0.0000,  0.0000]],

        ...,

        [[ 0.0000, -0.5034,  0.0041,  ...,  0.0000,  0.0000,  0.0000]],

        [[ 0.0000, -0.7880, -0.4078,  ...,  0.0000,  0.0000,  0.0000]],

        [[ 0.0000,  0.2848, -0.6712,  ...,  0.0000,  0.0000,  0.0000]]],
       device='cuda:0'), 's': tensor([], device='cuda:0', size=(1792, 0)), 'batch': tensor([  0,   0,   0,  ..., 127, 127, 127], device='cuda:0')}
unaltered ypred is torch.Size([256, 1, 4])
the four momenta: torch.Size([1408, 4])
the multivector version is torch.Size([1408, 16])
the multivectors after unsqueezing torch.Size([1408, 1, 16])
the spurions itself: torch.Size([3, 16])
the insert spurion is tensor([ True,  True,  True,  ..., False, False, False], device='cuda:0')
after embedding the mv shape is torch.Size([1792, 1, 16])
 the embedded data is {'mv': tensor([[[ 0.0000,  0.0000,  0.0000,  ...,  0.0000,  0.0000,  0.0000]],

        [[ 0.0000,  0.0000,  0.0000,  ...,  0.0000,  0.0000,  0.0000]],

        [[ 0.0000,  1.0000,  0.0000,  ...,  0.0000,  0.0000,  0.0000]],

        ...,

        [[ 0.0000, -0.1552,  1.6979,  ...,  0.0000,  0.0000,  0.0000]],

        [[ 0.0000, -0.7029, -0.2992,  ...,  0.0000,  0.0000,  0.0000]],

        [[ 0.0000,  0.2907, -0.7193,  ...,  0.0000,  0.0000,  0.0000]]],
       device='cuda:0'), 's': tensor([], device='cuda:0', size=(1792, 0)), 'batch': tensor([  0,   0,   0,  ..., 127, 127, 127], device='cuda:0')}
unaltered ypred is torch.Size([256, 1, 4])
the four momenta: torch.Size([1408, 4])
the multivector version is torch.Size([1408, 16])
the multivectors after unsqueezing torch.Size([1408, 1, 16])
the spurions itself: torch.Size([3, 16])
the insert spurion is tensor([ True,  True,  True,  ..., False, False, False], device='cuda:0')
after embedding the mv shape is torch.Size([1792, 1, 16])
 the embedded data is {'mv': tensor([[[ 0.0000,  0.0000,  0.0000,  ...,  0.0000,  0.0000,  0.0000]],

        [[ 0.0000,  0.0000,  0.0000,  ...,  0.0000,  0.0000,  0.0000]],

        [[ 0.0000,  1.0000,  0.0000,  ...,  0.0000,  0.0000,  0.0000]],

        ...,

        [[ 0.0000, -0.4881,  0.3950,  ...,  0.0000,  0.0000,  0.0000]],

        [[ 0.0000,  0.6840,  1.1633,  ...,  0.0000,  0.0000,  0.0000]],

        [[ 0.0000, -0.3248, -0.5815,  ...,  0.0000,  0.0000,  0.0000]]],
       device='cuda:0'), 's': tensor([], device='cuda:0', size=(1792, 0)), 'batch': tensor([  0,   0,   0,  ..., 127, 127, 127], device='cuda:0')}
unaltered ypred is torch.Size([256, 1, 4])
the four momenta: torch.Size([1408, 4])
the multivector version is torch.Size([1408, 16])
the multivectors after unsqueezing torch.Size([1408, 1, 16])
the spurions itself: torch.Size([3, 16])
the insert spurion is tensor([ True,  True,  True,  ..., False, False, False], device='cuda:0')
after embedding the mv shape is torch.Size([1792, 1, 16])
 the embedded data is {'mv': tensor([[[ 0.0000,  0.0000,  0.0000,  ...,  0.0000,  0.0000,  0.0000]],

        [[ 0.0000,  0.0000,  0.0000,  ...,  0.0000,  0.0000,  0.0000]],

        [[ 0.0000,  1.0000,  0.0000,  ...,  0.0000,  0.0000,  0.0000]],

        ...,

        [[ 0.0000,  0.4795,  1.1890,  ...,  0.0000,  0.0000,  0.0000]],

        [[ 0.0000, -0.5896,  0.2724,  ...,  0.0000,  0.0000,  0.0000]],

        [[ 0.0000, -0.5547, -0.1328,  ...,  0.0000,  0.0000,  0.0000]]],
       device='cuda:0'), 's': tensor([], device='cuda:0', size=(1792, 0)), 'batch': tensor([  0,   0,   0,  ..., 127, 127, 127], device='cuda:0')}
unaltered ypred is torch.Size([256, 1, 4])
the four momenta: torch.Size([1408, 4])
the multivector version is torch.Size([1408, 16])
the multivectors after unsqueezing torch.Size([1408, 1, 16])
the spurions itself: torch.Size([3, 16])
the insert spurion is tensor([ True,  True,  True,  ..., False, False, False], device='cuda:0')
after embedding the mv shape is torch.Size([1792, 1, 16])
 the embedded data is {'mv': tensor([[[ 0.0000e+00,  0.0000e+00,  0.0000e+00,  ...,  0.0000e+00,
           0.0000e+00,  0.0000e+00]],

        [[ 0.0000e+00,  0.0000e+00,  0.0000e+00,  ...,  0.0000e+00,
           0.0000e+00,  0.0000e+00]],

        [[ 0.0000e+00,  1.0000e+00,  0.0000e+00,  ...,  0.0000e+00,
           0.0000e+00,  0.0000e+00]],

        ...,

        [[ 0.0000e+00, -8.8194e-01,  4.8119e-01,  ...,  0.0000e+00,
           0.0000e+00,  0.0000e+00]],

        [[ 0.0000e+00, -5.3990e-01, -1.0650e+00,  ...,  0.0000e+00,
           0.0000e+00,  0.0000e+00]],

        [[ 0.0000e+00,  8.5364e-04,  3.0819e-01,  ...,  0.0000e+00,
           0.0000e+00,  0.0000e+00]]], device='cuda:0'), 's': tensor([], device='cuda:0', size=(1792, 0)), 'batch': tensor([  0,   0,   0,  ..., 127, 127, 127], device='cuda:0')}
unaltered ypred is torch.Size([256, 1, 4])
the four momenta: torch.Size([1408, 4])
the multivector version is torch.Size([1408, 16])
the multivectors after unsqueezing torch.Size([1408, 1, 16])
the spurions itself: torch.Size([3, 16])
the insert spurion is tensor([ True,  True,  True,  ..., False, False, False], device='cuda:0')
after embedding the mv shape is torch.Size([1792, 1, 16])
 the embedded data is {'mv': tensor([[[ 0.0000,  0.0000,  0.0000,  ...,  0.0000,  0.0000,  0.0000]],

        [[ 0.0000,  0.0000,  0.0000,  ...,  0.0000,  0.0000,  0.0000]],

        [[ 0.0000,  1.0000,  0.0000,  ...,  0.0000,  0.0000,  0.0000]],

        ...,

        [[ 0.0000,  0.0718, -1.1514,  ...,  0.0000,  0.0000,  0.0000]],

        [[ 0.0000,  0.7195, -1.4795,  ...,  0.0000,  0.0000,  0.0000]],

        [[ 0.0000, -0.3737,  0.4354,  ...,  0.0000,  0.0000,  0.0000]]],
       device='cuda:0'), 's': tensor([], device='cuda:0', size=(1792, 0)), 'batch': tensor([  0,   0,   0,  ..., 127, 127, 127], device='cuda:0')}
unaltered ypred is torch.Size([256, 1, 4])
the four momenta: torch.Size([1408, 4])
the multivector version is torch.Size([1408, 16])
the multivectors after unsqueezing torch.Size([1408, 1, 16])
the spurions itself: torch.Size([3, 16])
the insert spurion is tensor([ True,  True,  True,  ..., False, False, False], device='cuda:0')
after embedding the mv shape is torch.Size([1792, 1, 16])
 the embedded data is {'mv': tensor([[[ 0.0000,  0.0000,  0.0000,  ...,  0.0000,  0.0000,  0.0000]],

        [[ 0.0000,  0.0000,  0.0000,  ...,  0.0000,  0.0000,  0.0000]],

        [[ 0.0000,  1.0000,  0.0000,  ...,  0.0000,  0.0000,  0.0000]],

        ...,

        [[ 0.0000,  0.1181,  0.5683,  ...,  0.0000,  0.0000,  0.0000]],

        [[ 0.0000,  0.2601, -0.9030,  ...,  0.0000,  0.0000,  0.0000]],

        [[ 0.0000, -0.6919, -0.3103,  ...,  0.0000,  0.0000,  0.0000]]],
       device='cuda:0'), 's': tensor([], device='cuda:0', size=(1792, 0)), 'batch': tensor([  0,   0,   0,  ..., 127, 127, 127], device='cuda:0')}
unaltered ypred is torch.Size([256, 1, 4])
the four momenta: torch.Size([1408, 4])
the multivector version is torch.Size([1408, 16])
the multivectors after unsqueezing torch.Size([1408, 1, 16])
the spurions itself: torch.Size([3, 16])
the insert spurion is tensor([ True,  True,  True,  ..., False, False, False], device='cuda:0')
after embedding the mv shape is torch.Size([1792, 1, 16])
 the embedded data is {'mv': tensor([[[ 0.0000,  0.0000,  0.0000,  ...,  0.0000,  0.0000,  0.0000]],

        [[ 0.0000,  0.0000,  0.0000,  ...,  0.0000,  0.0000,  0.0000]],

        [[ 0.0000,  1.0000,  0.0000,  ...,  0.0000,  0.0000,  0.0000]],

        ...,

        [[ 0.0000,  3.3796,  1.4396,  ...,  0.0000,  0.0000,  0.0000]],

        [[ 0.0000, -0.9054, -0.1085,  ...,  0.0000,  0.0000,  0.0000]],

        [[ 0.0000, -0.0431, -1.3687,  ...,  0.0000,  0.0000,  0.0000]]],
       device='cuda:0'), 's': tensor([], device='cuda:0', size=(1792, 0)), 'batch': tensor([  0,   0,   0,  ..., 127, 127, 127], device='cuda:0')}
unaltered ypred is torch.Size([256, 1, 4])
the four momenta: torch.Size([1408, 4])
the multivector version is torch.Size([1408, 16])
the multivectors after unsqueezing torch.Size([1408, 1, 16])
the spurions itself: torch.Size([3, 16])
the insert spurion is tensor([ True,  True,  True,  ..., False, False, False], device='cuda:0')
after embedding the mv shape is torch.Size([1792, 1, 16])
 the embedded data is {'mv': tensor([[[ 0.0000,  0.0000,  0.0000,  ...,  0.0000,  0.0000,  0.0000]],

        [[ 0.0000,  0.0000,  0.0000,  ...,  0.0000,  0.0000,  0.0000]],

        [[ 0.0000,  1.0000,  0.0000,  ...,  0.0000,  0.0000,  0.0000]],

        ...,

        [[ 0.0000, -0.0042, -1.3201,  ...,  0.0000,  0.0000,  0.0000]],

        [[ 0.0000, -0.8463,  0.5128,  ...,  0.0000,  0.0000,  0.0000]],

        [[ 0.0000,  0.5321,  1.9311,  ...,  0.0000,  0.0000,  0.0000]]],
       device='cuda:0'), 's': tensor([], device='cuda:0', size=(1792, 0)), 'batch': tensor([  0,   0,   0,  ..., 127, 127, 127], device='cuda:0')}
unaltered ypred is torch.Size([256, 1, 4])
tensor([[ 0.0746, -1.0480, -1.5903,  0.3972],
        [-0.1047,  1.5210,  0.1417,  0.3834],
        [-0.1741, -0.1380,  0.6810, -0.6018],
        ...,
        [-0.8007, -0.0945, -0.6357, -0.1154],
        [-0.8633,  0.3715, -0.1625,  0.2031],
        [-0.5433,  0.4997,  0.4770, -0.4036]])
 the x and y are: tensor([[ 0.0746, -1.0480, -1.5903,  0.3972],
        [-0.1047,  1.5210,  0.1417,  0.3834],
        [-0.1741, -0.1380,  0.6810, -0.6018],
        ...,
        [-0.8007, -0.0945, -0.6357, -0.1154],
        [-0.8633,  0.3715, -0.1625,  0.2031],
        [-0.5433,  0.4997,  0.4770, -0.4036]]) and tensor([[-0.6329,  1.1050,  0.6740,  0.1343],
        [-0.5824, -0.9239, -0.6263,  0.4018],
        [ 0.3714,  0.3570,  1.3482, -1.0832],
        ...,
        [-0.2703,  0.7562,  1.0614,  0.6115],
        [-0.8355,  0.0488,  0.4028, -0.2254],
        [-0.5206, -0.7054,  0.1070,  0.5177]])
and y has the shape torch.Size([4])
